# JRE version: Java(TM) SE Runtime Environment (8.0_20-b26) (build 1.8.0_20-b26)
# Java VM: Java HotSpot(TM) 64-Bit Server VM (25.20-b23 mixed mode bsd-amd64 compressed oops)
Heap:
 PSYoungGen      total 53248K, used 49289K [0x0000000155400000, 0x0000000158c00000, 0x0000000175400000)
  eden space 49152K, 91% used [0x0000000155400000,0x00000001580249f0,0x0000000158400000)
  from space 4096K, 99% used [0x0000000158800000,0x0000000158bfdb70,0x0000000158c00000)
  to   space 4096K, 0% used [0x0000000158400000,0x0000000158400000,0x0000000158800000)
 ParOldGen       total 65536K, used 3073K [0x0000000115400000, 0x0000000119400000, 0x0000000155400000)
  object space 65536K, 4% used [0x0000000115400000,0x0000000115700500,0x0000000119400000)
 Metaspace       used 19482K, capacity 19694K, committed 20096K, reserved 1067008K
  class space    used 2498K, capacity 2571K, committed 2688K, reserved 1048576K
GC Heap History (4 events):
Event: 0.579 GC heap before
{Heap before GC invocations=1 (full 0):
 PSYoungGen      total 28672K, used 24576K [0x0000000155400000, 0x0000000157400000, 0x0000000175400000)
  eden space 24576K, 100% used [0x0000000155400000,0x0000000156c00000,0x0000000156c00000)
  from space 4096K, 0% used [0x0000000157000000,0x0000000157000000,0x0000000157400000)
  to   space 4096K, 0% used [0x0000000156c00000,0x0000000156c00000,0x0000000157000000)
 ParOldGen       total 65536K, used 0K [0x0000000115400000, 0x0000000119400000, 0x0000000155400000)
  object space 65536K, 0% used [0x0000000115400000,0x0000000115400000,0x0000000119400000)
 Metaspace       used 9461K, capacity 9572K, committed 9728K, reserved 1058816K
  class space    used 1136K, capacity 1168K, committed 1280K, reserved 1048576K
Event: 0.585 GC heap after
Heap after GC invocations=1 (full 0):
 PSYoungGen      total 28672K, used 4064K [0x0000000155400000, 0x0000000158c00000, 0x0000000175400000)
  eden space 24576K, 0% used [0x0000000155400000,0x0000000155400000,0x0000000156c00000)
  from space 4096K, 99% used [0x0000000156c00000,0x0000000156ff8110,0x0000000157000000)
  to   space 4096K, 0% used [0x0000000158800000,0x0000000158800000,0x0000000158c00000)
 ParOldGen       total 65536K, used 1430K [0x0000000115400000, 0x0000000119400000, 0x0000000155400000)
  object space 65536K, 2% used [0x0000000115400000,0x0000000115565b10,0x0000000119400000)
 Metaspace       used 9461K, capacity 9572K, committed 9728K, reserved 1058816K
  class space    used 1136K, capacity 1168K, committed 1280K, reserved 1048576K
}
Event: 1.128 GC heap before
{Heap before GC invocations=2 (full 0):
 PSYoungGen      total 28672K, used 28640K [0x0000000155400000, 0x0000000158c00000, 0x0000000175400000)
  eden space 24576K, 100% used [0x0000000155400000,0x0000000156c00000,0x0000000156c00000)
  from space 4096K, 99% used [0x0000000156c00000,0x0000000156ff8110,0x0000000157000000)
  to   space 4096K, 0% used [0x0000000158800000,0x0000000158800000,0x0000000158c00000)
 ParOldGen       total 65536K, used 1430K [0x0000000115400000, 0x0000000119400000, 0x0000000155400000)
  object space 65536K, 2% used [0x0000000115400000,0x0000000115565b10,0x0000000119400000)
 Metaspace       used 14688K, capacity 14764K, committed 14976K, reserved 1062912K
  class space    used 1862K, capacity 1884K, committed 1920K, reserved 1048576K
Event: 1.135 GC heap after
Heap after GC invocations=2 (full 0):
 PSYoungGen      total 53248K, used 4086K [0x0000000155400000, 0x0000000158c00000, 0x0000000175400000)
  eden space 49152K, 0% used [0x0000000155400000,0x0000000155400000,0x0000000158400000)
  from space 4096K, 99% used [0x0000000158800000,0x0000000158bfdb70,0x0000000158c00000)
  to   space 4096K, 0% used [0x0000000158400000,0x0000000158400000,0x0000000158800000)
 ParOldGen       total 65536K, used 3073K [0x0000000115400000, 0x0000000119400000, 0x0000000155400000)
  object space 65536K, 4% used [0x0000000115400000,0x0000000115700500,0x0000000119400000)
 Metaspace       used 14688K, capacity 14764K, committed 14976K, reserved 1062912K
  class space    used 1862K, capacity 1884K, committed 1920K, reserved 1048576K
}

